2026-02-18 16:13:46,529	[INFO]	(client.py:162)_bot_login	[botpy] 登录机器人账号中...
2026-02-18 16:13:47,218	[INFO]	(robot.py:65)update_access_token	[botpy] access_token expires_in 7200
2026-02-18 16:13:47,902	[ERROR]	(http.py:76)_handle_response	[botpy] 接口请求异常，请求连接: https://api.sgroup.qq.com/users/@me, 错误代码: 401, 返回内容: {'message': '接口访问源IP不在白名单', 'code': 11298, 'err_code': 40023002, 'trace_id': '2b63528edd8d9c2dfb606447a80af057'}, trace_id:2b63528edd8d9c2dfb606447a80af057
2026-02-18 16:13:52,904	[INFO]	(client.py:162)_bot_login	[botpy] 登录机器人账号中...
2026-02-18 16:13:53,734	[INFO]	(robot.py:65)update_access_token	[botpy] access_token expires_in 7193
2026-02-18 16:13:55,158	[ERROR]	(http.py:76)_handle_response	[botpy] 接口请求异常，请求连接: https://api.sgroup.qq.com/users/@me, 错误代码: 401, 返回内容: {'message': '接口访问源IP不在白名单', 'code': 11298, 'err_code': 40023002, 'trace_id': '348f6dc3a3e4ffdb9f26a2b76720a624'}, trace_id:348f6dc3a3e4ffdb9f26a2b76720a624
2026-02-18 16:14:00,160	[INFO]	(client.py:162)_bot_login	[botpy] 登录机器人账号中...
2026-02-18 16:14:00,767	[INFO]	(robot.py:65)update_access_token	[botpy] access_token expires_in 7186
2026-02-18 16:14:01,517	[ERROR]	(http.py:76)_handle_response	[botpy] 接口请求异常，请求连接: https://api.sgroup.qq.com/users/@me, 错误代码: 401, 返回内容: {'message': '接口访问源IP不在白名单', 'code': 11298, 'err_code': 40023002, 'trace_id': '43de954c3c21122278f034bb2efa6559'}, trace_id:43de954c3c21122278f034bb2efa6559
2026-02-18 16:26:13,995	[INFO]	(client.py:162)_bot_login	[botpy] 登录机器人账号中...
2026-02-18 16:26:14,395	[INFO]	(robot.py:65)update_access_token	[botpy] access_token expires_in 6453
2026-02-18 16:26:14,954	[INFO]	(client.py:181)_bot_init	[botpy] 程序启动...
2026-02-18 16:26:14,955	[INFO]	(connection.py:60)multi_run	[botpy] 最大并发连接数: 1, 启动会话数: 1
2026-02-18 16:26:14,955	[INFO]	(client.py:242)bot_connect	[botpy] 会话启动中...
2026-02-18 16:26:14,955	[INFO]	(gateway.py:115)ws_connect	[botpy] 启动中...
2026-02-18 16:26:15,209	[INFO]	(gateway.py:142)ws_identify	[botpy] 鉴权中...
2026-02-18 16:26:15,361	[INFO]	(gateway.py:85)on_message	[botpy] 机器人「kiruno-测试中」启动成功！
2026-02-18 16:26:15,362	[INFO]	(gateway.py:223)_send_heart	[botpy] 心跳维持启动...
2026-02-18 16:26:26,332	[INFO]	(gateway.py:56)on_closed	[botpy] 关闭, 返回码: 1006, 返回信息: None
2026-02-18 16:26:26,332	[INFO]	(gateway.py:134)ws_connect	[botpy] ws关闭, 停止接收消息!
2026-02-18 16:26:31,333	[INFO]	(connection.py:60)multi_run	[botpy] 最大并发连接数: 1, 启动会话数: 1
2026-02-18 16:26:31,334	[INFO]	(client.py:242)bot_connect	[botpy] 会话启动中...
2026-02-18 16:26:31,334	[INFO]	(gateway.py:115)ws_connect	[botpy] 启动中...
2026-02-18 16:26:32,090	[INFO]	(gateway.py:175)ws_resume	[botpy] 重连启动...
2026-02-18 16:26:32,297	[INFO]	(gateway.py:90)on_message	[botpy] 机器人重连成功! 
2026-02-18 16:26:32,298	[INFO]	(gateway.py:223)_send_heart	[botpy] 心跳维持启动...
2026-02-18 16:56:32,108	[INFO]	(gateway.py:56)on_closed	[botpy] 关闭, 返回码: 4009, 返回信息: Session timed out
2026-02-18 16:56:32,109	[INFO]	(gateway.py:134)ws_connect	[botpy] ws关闭, 停止接收消息!
2026-02-18 16:56:37,110	[INFO]	(connection.py:60)multi_run	[botpy] 最大并发连接数: 1, 启动会话数: 1
2026-02-18 16:56:37,111	[INFO]	(client.py:242)bot_connect	[botpy] 会话启动中...
2026-02-18 16:56:37,111	[INFO]	(gateway.py:115)ws_connect	[botpy] 启动中...
2026-02-18 16:56:37,947	[INFO]	(gateway.py:175)ws_resume	[botpy] 重连启动...
2026-02-18 16:56:38,210	[INFO]	(gateway.py:90)on_message	[botpy] 机器人重连成功! 
2026-02-18 16:56:38,210	[INFO]	(gateway.py:223)_send_heart	[botpy] 心跳维持启动...
2026-02-18 17:26:37,954	[INFO]	(gateway.py:56)on_closed	[botpy] 关闭, 返回码: 4009, 返回信息: Session timed out
2026-02-18 17:26:37,956	[INFO]	(gateway.py:134)ws_connect	[botpy] ws关闭, 停止接收消息!
2026-02-18 17:26:42,959	[INFO]	(connection.py:60)multi_run	[botpy] 最大并发连接数: 1, 启动会话数: 1
2026-02-18 17:26:42,960	[INFO]	(client.py:242)bot_connect	[botpy] 会话启动中...
2026-02-18 17:26:42,960	[INFO]	(gateway.py:115)ws_connect	[botpy] 启动中...
2026-02-18 17:26:43,849	[INFO]	(gateway.py:175)ws_resume	[botpy] 重连启动...
2026-02-18 17:26:44,174	[INFO]	(gateway.py:90)on_message	[botpy] 机器人重连成功! 
2026-02-18 17:26:44,174	[INFO]	(gateway.py:223)_send_heart	[botpy] 心跳维持启动...
2026-02-18 17:56:43,852	[INFO]	(gateway.py:56)on_closed	[botpy] 关闭, 返回码: 4009, 返回信息: Session timed out
2026-02-18 17:56:43,854	[INFO]	(gateway.py:134)ws_connect	[botpy] ws关闭, 停止接收消息!
2026-02-18 17:56:48,856	[INFO]	(connection.py:60)multi_run	[botpy] 最大并发连接数: 1, 启动会话数: 1
2026-02-18 17:56:48,856	[INFO]	(client.py:242)bot_connect	[botpy] 会话启动中...
2026-02-18 17:56:48,857	[INFO]	(gateway.py:115)ws_connect	[botpy] 启动中...
2026-02-18 17:56:49,763	[INFO]	(gateway.py:175)ws_resume	[botpy] 重连启动...
2026-02-18 17:56:50,071	[INFO]	(gateway.py:90)on_message	[botpy] 机器人重连成功! 
2026-02-18 17:56:50,071	[INFO]	(gateway.py:223)_send_heart	[botpy] 心跳维持启动...
2026-02-18 18:26:49,773	[INFO]	(gateway.py:56)on_closed	[botpy] 关闭, 返回码: 4009, 返回信息: Session timed out
2026-02-18 18:26:49,774	[INFO]	(gateway.py:134)ws_connect	[botpy] ws关闭, 停止接收消息!
2026-02-18 18:26:54,775	[INFO]	(connection.py:60)multi_run	[botpy] 最大并发连接数: 1, 启动会话数: 1
2026-02-18 18:26:54,776	[INFO]	(client.py:242)bot_connect	[botpy] 会话启动中...
2026-02-18 18:26:54,776	[INFO]	(gateway.py:115)ws_connect	[botpy] 启动中...
2026-02-18 18:26:55,726	[INFO]	(gateway.py:175)ws_resume	[botpy] 重连启动...
2026-02-18 18:26:56,534	[INFO]	(robot.py:65)update_access_token	[botpy] access_token expires_in 7200
2026-02-18 18:26:56,819	[INFO]	(gateway.py:90)on_message	[botpy] 机器人重连成功! 
2026-02-18 18:26:56,819	[INFO]	(gateway.py:223)_send_heart	[botpy] 心跳维持启动...
2026-02-18 18:56:55,685	[INFO]	(gateway.py:56)on_closed	[botpy] 关闭, 返回码: 4009, 返回信息: Session timed out
2026-02-18 18:56:55,686	[INFO]	(gateway.py:134)ws_connect	[botpy] ws关闭, 停止接收消息!
2026-02-18 18:57:00,688	[INFO]	(connection.py:60)multi_run	[botpy] 最大并发连接数: 1, 启动会话数: 1
2026-02-18 18:57:00,688	[INFO]	(client.py:242)bot_connect	[botpy] 会话启动中...
2026-02-18 18:57:00,688	[INFO]	(gateway.py:115)ws_connect	[botpy] 启动中...
2026-02-18 18:57:01,536	[INFO]	(gateway.py:175)ws_resume	[botpy] 重连启动...
2026-02-18 18:57:01,801	[INFO]	(gateway.py:90)on_message	[botpy] 机器人重连成功! 
2026-02-18 18:57:01,801	[INFO]	(gateway.py:223)_send_heart	[botpy] 心跳维持启动...
2026-02-18 19:27:01,507	[INFO]	(gateway.py:56)on_closed	[botpy] 关闭, 返回码: 4009, 返回信息: Session timed out
2026-02-18 19:27:01,508	[INFO]	(gateway.py:134)ws_connect	[botpy] ws关闭, 停止接收消息!
2026-02-18 19:27:06,510	[INFO]	(connection.py:60)multi_run	[botpy] 最大并发连接数: 1, 启动会话数: 1
2026-02-18 19:27:06,511	[INFO]	(client.py:242)bot_connect	[botpy] 会话启动中...
2026-02-18 19:27:06,511	[INFO]	(gateway.py:115)ws_connect	[botpy] 启动中...
2026-02-18 19:27:07,203	[INFO]	(gateway.py:175)ws_resume	[botpy] 重连启动...
2026-02-18 19:27:07,430	[INFO]	(gateway.py:90)on_message	[botpy] 机器人重连成功! 
2026-02-18 19:27:07,431	[INFO]	(gateway.py:223)_send_heart	[botpy] 心跳维持启动...
2026-02-18 19:57:07,189	[INFO]	(gateway.py:56)on_closed	[botpy] 关闭, 返回码: 4009, 返回信息: Session timed out
2026-02-18 19:57:07,190	[INFO]	(gateway.py:134)ws_connect	[botpy] ws关闭, 停止接收消息!
2026-02-18 19:57:12,191	[INFO]	(connection.py:60)multi_run	[botpy] 最大并发连接数: 1, 启动会话数: 1
2026-02-18 19:57:12,191	[INFO]	(client.py:242)bot_connect	[botpy] 会话启动中...
2026-02-18 19:57:12,191	[INFO]	(gateway.py:115)ws_connect	[botpy] 启动中...
2026-02-18 19:57:12,795	[INFO]	(gateway.py:175)ws_resume	[botpy] 重连启动...
2026-02-18 19:57:12,994	[INFO]	(gateway.py:90)on_message	[botpy] 机器人重连成功! 
2026-02-18 19:57:12,995	[INFO]	(gateway.py:223)_send_heart	[botpy] 心跳维持启动...
